<?xml version="1.0" encoding="UTF-8"?>
<!-- Generated by org.testng.reporters.JUnitReportReporter -->
<testsuite hostname="DESKTOP-L6AJ1SL" failures="0" tests="2" name="MauroConti.MavenJava.AppiumTest" time="0.019" errors="0" timestamp="2021-07-05T11:24:42 UYT" skipped="0">
  <testcase classname="MauroConti.MavenJava.AppiumTest" name="IOSApp" time="0.017"/>
  <system-out/>
  <testcase classname="MauroConti.MavenJava.AppiumTest" name="NativeAppAndroid" time="0.002"/>
  <system-out/>
</testsuite> <!-- MauroConti.MavenJava.AppiumTest -->
