<?xml version="1.0" encoding="UTF-8"?>
<!-- Generated by org.testng.reporters.JUnitReportReporter -->
<testsuite hostname="DESKTOP-L6AJ1SL" failures="0" tests="2" name="MauroConti.MavenJava.SeleniumTest" time="0.001" errors="0" timestamp="2021-07-05T11:24:42 UYT" skipped="0">
  <testcase classname="MauroConti.MavenJava.SeleniumTest" name="ElementUX" time="0.000"/>
  <system-out/>
  <testcase classname="MauroConti.MavenJava.SeleniumTest" name="BrowserAutomation" time="0.001"/>
  <system-out/>
</testsuite> <!-- MauroConti.MavenJava.SeleniumTest -->
