<?xml version="1.0" encoding="UTF-8"?>
<!-- Generated by org.testng.reporters.JUnitReportReporter -->
<testsuite hostname="DESKTOP-L6AJ1SL" failures="0" tests="2" name="MauroConti.MavenJava.RESTAPITest" time="0.003" errors="0" timestamp="2021-07-05T11:24:42 UYT" skipped="0">
  <testcase classname="MauroConti.MavenJava.RESTAPITest" name="postJira" time="0.001"/>
  <system-out/>
  <testcase classname="MauroConti.MavenJava.RESTAPITest" name="deletteTwitter" time="0.002"/>
  <system-out/>
</testsuite> <!-- MauroConti.MavenJava.RESTAPITest -->
